<?xml version="1.0" encoding="UTF-8"?>
<!-- Generated by org.testng.reporters.JUnitXMLReporter -->
<testsuite ignored="1" hostname="DESKTOP-7HMFML8" failures="1" tests="1" name="Default test(failed)" time="0.054" errors="0" timestamp="2024-04-02T15:53:07 IST">
  <testcase classname="com.testng.PracticeTestNG.TestGoogle" name="faceBook" time="0.007">
    <failure type="java.lang.Error" message="Unresolved compilation problem: 
	ebDriverManager cannot be resolved
">
      <![CDATA[java.lang.Error: Unresolved compilation problem: 
ebDriverManager cannot be resolved

at com.testng.PracticeTestNG.TestGoogle.faceBook(TestGoogle.java:27)
at java.base/java.util.ArrayList.forEach(ArrayList.java:1511)
... Removed 27 stack frames]]>
    </failure>
  </testcase> <!-- faceBook -->
  <testcase classname="com.testng.PracticeTestNG.TestGoogle" name="testGoogleChrome" time="0.0">
    <ignored/>
  </testcase> <!-- testGoogleChrome -->
</testsuite> <!-- Default test(failed) -->
