<?xml version="1.0" encoding="UTF-8"?>
<!-- Generated by org.testng.reporters.JUnitXMLReporter -->
<testsuite ignored="0" hostname="DESKTOP-7HMFML8" failures="2" tests="3" name="OrangeHRMlogin" time="10.387" errors="0" timestamp="2024-04-22T14:03:54 IST">
  <testcase classname="com.practicexmltestNG.xmlconfigurationtestTN.OrangeHRM" name="LunchApp" time="6.273"/>
  <testcase classname="com.practicexmltestNG.xmlconfigurationtestTN.OrangeHRM" name="UserDetails" time="2.018">
    <failure type="java.lang.NullPointerException" message="Cannot invoke &amp;quot;org.openqa.selenium.WebDriver.findElement(org.openqa.selenium.By)&amp;quot; because &amp;quot;this.driver&amp;quot; is null">
      <![CDATA[java.lang.NullPointerException: Cannot invoke "org.openqa.selenium.WebDriver.findElement(org.openqa.selenium.By)" because "this.driver" is null
at com.practicexmltestNG.xmlconfigurationtestTN.OrangeHRM.UserDetails(OrangeHRM.java:30)
at java.base/java.util.ArrayList.forEach(ArrayList.java:1511)
... Removed 27 stack frames]]>
    </failure>
  </testcase> <!-- UserDetails -->
  <testcase classname="com.practicexmltestNG.xmlconfigurationtestTN.OrangeHRM" name="PatientSearch" time="2.013">
    <failure type="java.lang.NullPointerException" message="Cannot invoke &amp;quot;org.openqa.selenium.WebDriver.findElement(org.openqa.selenium.By)&amp;quot; because &amp;quot;this.driver&amp;quot; is null">
      <![CDATA[java.lang.NullPointerException: Cannot invoke "org.openqa.selenium.WebDriver.findElement(org.openqa.selenium.By)" because "this.driver" is null
at com.practicexmltestNG.xmlconfigurationtestTN.OrangeHRM.PatientSearch(OrangeHRM.java:40)
at java.base/java.util.ArrayList.forEach(ArrayList.java:1511)
... Removed 27 stack frames]]>
    </failure>
  </testcase> <!-- PatientSearch -->
</testsuite> <!-- OrangeHRMlogin -->
