<?xml version="1.0" encoding="UTF-8"?>
<!-- Generated by org.testng.reporters.JUnitXMLReporter -->
<testsuite ignored="0" hostname="DESKTOP-7HMFML8" failures="0" tests="1" name="Test" time="21.68" errors="0" timestamp="2024-04-30T15:01:03 IST">
  <testcase classname="practice.pageobjectmodel.TestCases.VerifyLoginPage" name="@BeforeTest validLogin" time="21.616">
    <failure type="java.lang.NullPointerException" message="Cannot invoke &amp;quot;org.openqa.selenium.WebDriver.findElement(org.openqa.selenium.By)&amp;quot; because &amp;quot;this.driver&amp;quot; is null">
      <![CDATA[java.lang.NullPointerException: Cannot invoke "org.openqa.selenium.WebDriver.findElement(org.openqa.selenium.By)" because "this.driver" is null
at practice.pageobjectmodel.pages.Login.inputUserName(Login.java:20)
at practice.pageobjectmodel.TestCases.VerifyLoginPage.validLogin(VerifyLoginPage.java:25)
... Removed 24 stack frames]]>
    </failure>
  </testcase> <!-- @BeforeTest validLogin -->
  <testcase classname="practice.pageobjectmodel.TestCases.VerifyLoginPage" name="addpatient" time="0.0">
    <skipped/>
  </testcase> <!-- addpatient -->
</testsuite> <!-- Test -->
