<?xml version="1.0" encoding="UTF-8"?>
<!-- Generated by org.testng.reporters.JUnitXMLReporter -->
<testsuite ignored="2" hostname="DESKTOP-7HMFML8" failures="0" tests="4" name="CreatePatient" time="49.282" errors="0" timestamp="2024-04-19T15:45:13 IST">
  <testcase classname="com.practice.ehr.EHR.Login" name="lunchApp" time="10.452"/>
  <testcase classname="com.practice.ehr.EHR.Login" name="enterUserDetails" time="6.304"/>
  <testcase classname="com.practice.ehr.EHR.Login" name="PatientSearch" time="4.324"/>
  <testcase classname="com.practice.ehr.create.PN.CreateProgressNote" name="createPN" time="17.962"/>
  <testcase classname="com.practice.ehr.EHR.Login" name="createPatient" time="0.0">
    <ignored/>
  </testcase> <!-- createPatient -->
  <testcase classname="com.practice.ehr.EHR.Login" name="vitalsAdd" time="0.0">
    <ignored/>
  </testcase> <!-- vitalsAdd -->
</testsuite> <!-- CreatePatient -->
