<?xml version="1.0" encoding="UTF-8"?>
<!-- Generated by org.testng.reporters.JUnitXMLReporter -->
<testsuite ignored="1" hostname="DESKTOP-7HMFML8" failures="0" tests="3" name="Patient search and vital add" time="34.809" errors="0" timestamp="2024-04-26T16:18:03 IST">
  <testcase classname="com.practice.ehr.EHR.Login" name="lunchApp" time="13.112"/>
  <testcase classname="com.practice.ehr.EHR.Login" name="enterUserDetails" time="6.283"/>
  <testcase classname="com.practice.ehr.patient.search.add.vitals.PatientSearchAndVitalsAdd" name="PatientSearch" time="4.307"/>
  <testcase classname="com.practice.ehr.patient.search.add.vitals.PatientSearchAndVitalsAdd" name="vitalsAdd" time="0.0">
    <ignored/>
  </testcase> <!-- vitalsAdd -->
</testsuite> <!-- Patient search and vital add -->
